 
****************************************
Report : area
Design : SME
Version: R-2020.09
Date   : Wed Aug 17 11:01:48 2022
****************************************

Library(s) Used:

    slow (File: /cad/CBDK/CBDK_IC_Contest_v2.1/SynopsysDC/db/slow.db)

Number of ports:                           19
Number of nets:                          4481
Number of cells:                         4011
Number of combinational cells:           3538
Number of sequential cells:               473
Number of macros/black boxes:               0
Number of buf/inv:                        352
Number of references:                     108

Combinational area:              32376.207743
Buf/Inv area:                     2152.303175
Noncombinational area:           16933.262293
Macro/Black Box area:                0.000000
Net Interconnect area:          613203.104370

Total cell area:                 49309.470036
Total area:                     662512.574406
1
